<?xml version="1.0" encoding="UTF-8"?>
<testng-results ignored="0" total="3" passed="3" failed="0" skipped="0">
  <reporter-output>
  </reporter-output>
  <suite started-at="2024-08-26T19:50:38 IST" name="Suite" finished-at="2024-08-26T19:50:56 IST" duration-ms="17827">
    <groups>
    </groups>
    <test started-at="2024-08-26T19:50:38 IST" name="qa.tests.TestCase1" finished-at="2024-08-26T19:50:56 IST" duration-ms="17827">
      <class name="qa.tests.TestCase1">
        <test-method is-config="true" signature="initializeBrowser()[pri:0, instance:qa.tests.TestCase1@78e4deb0]" started-at="2024-08-26T19:50:38 IST" name="initializeBrowser" finished-at="2024-08-26T19:50:45 IST" duration-ms="7624" status="PASS">
          <reporter-output>
          </reporter-output>
        </test-method> <!-- initializeBrowser -->
        <test-method is-config="true" signature="beforeMethod(java.lang.reflect.Method)[pri:0, instance:qa.tests.TestCase1@78e4deb0]" started-at="2024-08-26T19:50:45 IST" name="beforeMethod" finished-at="2024-08-26T19:50:46 IST" duration-ms="569" status="PASS">
          <params>
            <param index="0">
              <value>
                <![CDATA[public void qa.tests.TestCase1.user_is_on_loginpage() throws java.lang.InterruptedException]]>
              </value>
            </param>
          </params>
          <reporter-output>
          </reporter-output>
        </test-method> <!-- beforeMethod -->
        <test-method signature="user_is_on_loginpage()[pri:1, instance:qa.tests.TestCase1@78e4deb0]" started-at="2024-08-26T19:50:46 IST" name="user_is_on_loginpage" finished-at="2024-08-26T19:50:55 IST" duration-ms="8642" status="PASS">
          <reporter-output>
          </reporter-output>
        </test-method> <!-- user_is_on_loginpage -->
        <test-method is-config="true" signature="afterMethod(org.testng.ITestResult)[pri:0, instance:qa.tests.TestCase1@78e4deb0]" started-at="2024-08-26T19:50:55 IST" name="afterMethod" finished-at="2024-08-26T19:50:55 IST" duration-ms="34" status="PASS">
          <params>
            <param index="0">
              <value>
                <![CDATA[[TestResult name=user_is_on_loginpage status=SUCCESS method=TestCase1.user_is_on_loginpage()[pri:1, instance:qa.tests.TestCase1@78e4deb0] output={null}]]]>
              </value>
            </param>
          </params>
          <reporter-output>
          </reporter-output>
        </test-method> <!-- afterMethod -->
        <test-method is-config="true" signature="beforeMethod(java.lang.reflect.Method)[pri:0, instance:qa.tests.TestCase1@78e4deb0]" started-at="2024-08-26T19:50:55 IST" name="beforeMethod" finished-at="2024-08-26T19:50:55 IST" duration-ms="1" status="PASS">
          <params>
            <param index="0">
              <value>
                <![CDATA[public void qa.tests.TestCase1.user_entered_username_and_password_and_click_on_login()]]>
              </value>
            </param>
          </params>
          <reporter-output>
          </reporter-output>
        </test-method> <!-- beforeMethod -->
        <test-method signature="user_entered_username_and_password_and_click_on_login()[pri:2, instance:qa.tests.TestCase1@78e4deb0]" started-at="2024-08-26T19:50:55 IST" name="user_entered_username_and_password_and_click_on_login" finished-at="2024-08-26T19:50:55 IST" duration-ms="215" status="PASS">
          <reporter-output>
          </reporter-output>
        </test-method> <!-- user_entered_username_and_password_and_click_on_login -->
        <test-method is-config="true" signature="afterMethod(org.testng.ITestResult)[pri:0, instance:qa.tests.TestCase1@78e4deb0]" started-at="2024-08-26T19:50:55 IST" name="afterMethod" finished-at="2024-08-26T19:50:55 IST" duration-ms="0" status="PASS">
          <params>
            <param index="0">
              <value>
                <![CDATA[[TestResult name=user_entered_username_and_password_and_click_on_login status=SUCCESS method=TestCase1.user_entered_username_and_password_and_click_on_login()[pri:2, instance:qa.tests.TestCase1@78e4deb0] output={null}]]]>
              </value>
            </param>
          </params>
          <reporter-output>
          </reporter-output>
        </test-method> <!-- afterMethod -->
        <test-method is-config="true" signature="beforeMethod(java.lang.reflect.Method)[pri:0, instance:qa.tests.TestCase1@78e4deb0]" started-at="2024-08-26T19:50:55 IST" name="beforeMethod" finished-at="2024-08-26T19:50:55 IST" duration-ms="1" status="PASS">
          <params>
            <param index="0">
              <value>
                <![CDATA[public void qa.tests.TestCase1.logginsucessfull()]]>
              </value>
            </param>
          </params>
          <reporter-output>
          </reporter-output>
        </test-method> <!-- beforeMethod -->
        <test-method signature="logginsucessfull()[pri:3, instance:qa.tests.TestCase1@78e4deb0]" started-at="2024-08-26T19:50:55 IST" name="logginsucessfull" finished-at="2024-08-26T19:50:55 IST" duration-ms="2" status="PASS">
          <reporter-output>
          </reporter-output>
        </test-method> <!-- logginsucessfull -->
        <test-method is-config="true" signature="afterMethod(org.testng.ITestResult)[pri:0, instance:qa.tests.TestCase1@78e4deb0]" started-at="2024-08-26T19:50:55 IST" name="afterMethod" finished-at="2024-08-26T19:50:55 IST" duration-ms="1" status="PASS">
          <params>
            <param index="0">
              <value>
                <![CDATA[[TestResult name=logginsucessfull status=SUCCESS method=TestCase1.logginsucessfull()[pri:3, instance:qa.tests.TestCase1@78e4deb0] output={null}]]]>
              </value>
            </param>
          </params>
          <reporter-output>
          </reporter-output>
        </test-method> <!-- afterMethod -->
        <test-method is-config="true" signature="aftertest()[pri:0, instance:qa.tests.TestCase1@78e4deb0]" started-at="2024-08-26T19:50:55 IST" name="aftertest" finished-at="2024-08-26T19:50:56 IST" duration-ms="693" status="PASS">
          <reporter-output>
          </reporter-output>
        </test-method> <!-- aftertest -->
      </class> <!-- qa.tests.TestCase1 -->
    </test> <!-- qa.tests.TestCase1 -->
  </suite> <!-- Suite -->
</testng-results>
